0 info it worked if it ends with ok
1 verbose cli [ 'node', '/usr/local/bin/npm', 'run-script', 'prepublish' ]
2 info using npm@1.2.18
3 info using node@v0.10.5
4 verbose read json /Users/Clay/dev/attirebot/package.json
5 verbose run-script [ 'prepublish' ]
6 info prepublish attirebot@0.0.1
7 verbose unsafe-perm in lifecycle true
8 silly exec sh "-c" "prepublish.sh"
9 silly sh,-c,prepublish.sh,/Users/Clay/dev/attirebot spawning
10 info attirebot@0.0.1 Failed to exec prepublish script
11 error attirebot@0.0.1 prepublish: `prepublish.sh`
11 error `sh "-c" "prepublish.sh"` failed with 127
12 error Failed at the attirebot@0.0.1 prepublish script.
12 error This is most likely a problem with the attirebot package,
12 error not with npm itself.
12 error Tell the author that this fails on your system:
12 error     prepublish.sh
12 error You can get their info via:
12 error     npm owner ls attirebot
12 error There is likely additional logging output above.
13 error System Darwin 12.3.0
14 error command "node" "/usr/local/bin/npm" "run-script" "prepublish"
15 error cwd /Users/Clay/dev/attirebot
16 error node -v v0.10.5
17 error npm -v 1.2.18
18 error code ELIFECYCLE
19 verbose exit [ 1, true ]
